{"C:\\Users\\Danna\\OneDrive - Universidad Icesi (@icesi.edu.co)\\6. Septimo Semestre\\Compunet3\\Proyecto\\backend-nodejs\\src\\controllers\\ContractController.ts": {"path":"C:\\Users\\Danna\\OneDrive - Universidad Icesi (@icesi.edu.co)\\6. Septimo Semestre\\Compunet3\\Proyecto\\backend-nodejs\\src\\controllers\\ContractController.ts","statementMap":{"0":{"start":{"line":7,"column":24},"end":{"line":7,"column":57}},"1":{"start":{"line":9,"column":4},"end":{"line":12,"column":6}},"2":{"start":{"line":10,"column":26},"end":{"line":10,"column":59}},"3":{"start":{"line":11,"column":8},"end":{"line":11,"column":28}},"4":{"start":{"line":14,"column":4},"end":{"line":18,"column":6}},"5":{"start":{"line":15,"column":38},"end":{"line":15,"column":46}},"6":{"start":{"line":16,"column":25},"end":{"line":16,"column":71}},"7":{"start":{"line":17,"column":8},"end":{"line":17,"column":27}},"8":{"start":{"line":20,"column":4},"end":{"line":24,"column":6}},"9":{"start":{"line":21,"column":19},"end":{"line":21,"column":32}},"10":{"start":{"line":22,"column":25},"end":{"line":22,"column":64}},"11":{"start":{"line":23,"column":8},"end":{"line":23,"column":27}},"12":{"start":{"line":26,"column":4},"end":{"line":31,"column":6}},"13":{"start":{"line":27,"column":19},"end":{"line":27,"column":32}},"14":{"start":{"line":28,"column":40},"end":{"line":28,"column":48}},"15":{"start":{"line":29,"column":25},"end":{"line":29,"column":68}},"16":{"start":{"line":30,"column":8},"end":{"line":30,"column":27}},"17":{"start":{"line":33,"column":4},"end":{"line":37,"column":6}},"18":{"start":{"line":34,"column":19},"end":{"line":34,"column":32}},"19":{"start":{"line":35,"column":24},"end":{"line":35,"column":61}},"20":{"start":{"line":36,"column":8},"end":{"line":36,"column":26}},"21":{"start":{"line":39,"column":4},"end":{"line":52,"column":6}},"22":{"start":{"line":40,"column":8},"end":{"line":51,"column":9}},"23":{"start":{"line":41,"column":31},"end":{"line":41,"column":44}},"24":{"start":{"line":42,"column":36},"end":{"line":42,"column":44}},"25":{"start":{"line":43,"column":36},"end":{"line":43,"column":100}},"26":{"start":{"line":44,"column":12},"end":{"line":47,"column":13}},"27":{"start":{"line":45,"column":16},"end":{"line":45,"column":74}},"28":{"start":{"line":46,"column":16},"end":{"line":46,"column":23}},"29":{"start":{"line":48,"column":12},"end":{"line":48,"column":38}},"30":{"start":{"line":50,"column":12},"end":{"line":50,"column":86}},"31":{"start":{"line":56,"column":0},"end":{"line":56,"column":34}}},"fnMap":{"0":{"name":"(anonymous_0)","decl":{"start":{"line":7,"column":4},"end":{"line":7,"column":24}},"loc":{"start":{"line":7,"column":57},"end":{"line":7,"column":61}}},"1":{"name":"(anonymous_1)","decl":{"start":{"line":9,"column":19},"end":{"line":9,"column":24}},"loc":{"start":{"line":9,"column":57},"end":{"line":12,"column":5}}},"2":{"name":"(anonymous_2)","decl":{"start":{"line":14,"column":21},"end":{"line":14,"column":26}},"loc":{"start":{"line":14,"column":74},"end":{"line":18,"column":5}}},"3":{"name":"(anonymous_3)","decl":{"start":{"line":20,"column":22},"end":{"line":20,"column":27}},"loc":{"start":{"line":20,"column":60},"end":{"line":24,"column":5}}},"4":{"name":"(anonymous_4)","decl":{"start":{"line":26,"column":21},"end":{"line":26,"column":26}},"loc":{"start":{"line":26,"column":59},"end":{"line":31,"column":5}}},"5":{"name":"(anonymous_5)","decl":{"start":{"line":33,"column":21},"end":{"line":33,"column":26}},"loc":{"start":{"line":33,"column":59},"end":{"line":37,"column":5}}},"6":{"name":"(anonymous_6)","decl":{"start":{"line":39,"column":29},"end":{"line":39,"column":34}},"loc":{"start":{"line":39,"column":82},"end":{"line":52,"column":5}}}},"branchMap":{"0":{"loc":{"start":{"line":44,"column":12},"end":{"line":47,"column":13}},"type":"if","locations":[{"start":{"line":44,"column":12},"end":{"line":47,"column":13}}]}},"s":{"0":3,"1":3,"2":1,"3":1,"4":3,"5":1,"6":1,"7":1,"8":3,"9":0,"10":0,"11":0,"12":3,"13":0,"14":0,"15":0,"16":0,"17":3,"18":0,"19":0,"20":0,"21":3,"22":1,"23":1,"24":1,"25":1,"26":1,"27":1,"28":1,"29":0,"30":0,"31":1},"f":{"0":3,"1":1,"2":1,"3":0,"4":0,"5":0,"6":1},"b":{"0":[1]}}
,"C:\\Users\\Danna\\OneDrive - Universidad Icesi (@icesi.edu.co)\\6. Septimo Semestre\\Compunet3\\Proyecto\\backend-nodejs\\src\\controllers\\EquipmentController.ts": {"path":"C:\\Users\\Danna\\OneDrive - Universidad Icesi (@icesi.edu.co)\\6. Septimo Semestre\\Compunet3\\Proyecto\\backend-nodejs\\src\\controllers\\EquipmentController.ts","statementMap":{"0":{"start":{"line":5,"column":24},"end":{"line":5,"column":59}},"1":{"start":{"line":7,"column":4},"end":{"line":10,"column":6}},"2":{"start":{"line":8,"column":27},"end":{"line":8,"column":61}},"3":{"start":{"line":9,"column":8},"end":{"line":9,"column":29}},"4":{"start":{"line":12,"column":4},"end":{"line":16,"column":6}},"5":{"start":{"line":13,"column":29},"end":{"line":13,"column":37}},"6":{"start":{"line":14,"column":26},"end":{"line":14,"column":74}},"7":{"start":{"line":15,"column":8},"end":{"line":15,"column":28}},"8":{"start":{"line":18,"column":4},"end":{"line":22,"column":6}},"9":{"start":{"line":19,"column":19},"end":{"line":19,"column":32}},"10":{"start":{"line":20,"column":26},"end":{"line":20,"column":66}},"11":{"start":{"line":21,"column":8},"end":{"line":21,"column":28}},"12":{"start":{"line":24,"column":4},"end":{"line":29,"column":6}},"13":{"start":{"line":25,"column":19},"end":{"line":25,"column":32}},"14":{"start":{"line":26,"column":41},"end":{"line":26,"column":49}},"15":{"start":{"line":27,"column":26},"end":{"line":27,"column":70}},"16":{"start":{"line":28,"column":8},"end":{"line":28,"column":28}},"17":{"start":{"line":31,"column":4},"end":{"line":35,"column":6}},"18":{"start":{"line":32,"column":19},"end":{"line":32,"column":32}},"19":{"start":{"line":33,"column":24},"end":{"line":33,"column":62}},"20":{"start":{"line":34,"column":8},"end":{"line":34,"column":26}},"21":{"start":{"line":38,"column":0},"end":{"line":38,"column":35}}},"fnMap":{"0":{"name":"(anonymous_0)","decl":{"start":{"line":5,"column":4},"end":{"line":5,"column":24}},"loc":{"start":{"line":5,"column":59},"end":{"line":5,"column":63}}},"1":{"name":"(anonymous_1)","decl":{"start":{"line":7,"column":20},"end":{"line":7,"column":25}},"loc":{"start":{"line":7,"column":58},"end":{"line":10,"column":5}}},"2":{"name":"(anonymous_2)","decl":{"start":{"line":12,"column":22},"end":{"line":12,"column":27}},"loc":{"start":{"line":12,"column":60},"end":{"line":16,"column":5}}},"3":{"name":"(anonymous_3)","decl":{"start":{"line":18,"column":23},"end":{"line":18,"column":28}},"loc":{"start":{"line":18,"column":61},"end":{"line":22,"column":5}}},"4":{"name":"(anonymous_4)","decl":{"start":{"line":24,"column":22},"end":{"line":24,"column":27}},"loc":{"start":{"line":24,"column":60},"end":{"line":29,"column":5}}},"5":{"name":"(anonymous_5)","decl":{"start":{"line":31,"column":22},"end":{"line":31,"column":27}},"loc":{"start":{"line":31,"column":60},"end":{"line":35,"column":5}}}},"branchMap":{},"s":{"0":3,"1":3,"2":1,"3":1,"4":3,"5":1,"6":1,"7":1,"8":3,"9":1,"10":1,"11":1,"12":3,"13":0,"14":0,"15":0,"16":0,"17":3,"18":0,"19":0,"20":0,"21":1},"f":{"0":3,"1":1,"2":1,"3":1,"4":0,"5":0},"b":{}}
,"C:\\Users\\Danna\\OneDrive - Universidad Icesi (@icesi.edu.co)\\6. Septimo Semestre\\Compunet3\\Proyecto\\backend-nodejs\\src\\controllers\\RoleController.ts": {"path":"C:\\Users\\Danna\\OneDrive - Universidad Icesi (@icesi.edu.co)\\6. Septimo Semestre\\Compunet3\\Proyecto\\backend-nodejs\\src\\controllers\\RoleController.ts","statementMap":{"0":{"start":{"line":5,"column":24},"end":{"line":5,"column":49}},"1":{"start":{"line":7,"column":4},"end":{"line":11,"column":6}},"2":{"start":{"line":8,"column":8},"end":{"line":8,"column":null}},"3":{"start":{"line":9,"column":22},"end":{"line":9,"column":51}},"4":{"start":{"line":10,"column":8},"end":{"line":10,"column":24}},"5":{"start":{"line":13,"column":4},"end":{"line":17,"column":6}},"6":{"start":{"line":14,"column":24},"end":{"line":14,"column":32}},"7":{"start":{"line":15,"column":21},"end":{"line":15,"column":59}},"8":{"start":{"line":16,"column":8},"end":{"line":16,"column":23}},"9":{"start":{"line":19,"column":4},"end":{"line":23,"column":6}},"10":{"start":{"line":20,"column":19},"end":{"line":20,"column":32}},"11":{"start":{"line":21,"column":21},"end":{"line":21,"column":56}},"12":{"start":{"line":22,"column":8},"end":{"line":22,"column":23}},"13":{"start":{"line":25,"column":4},"end":{"line":30,"column":6}},"14":{"start":{"line":26,"column":19},"end":{"line":26,"column":32}},"15":{"start":{"line":27,"column":36},"end":{"line":27,"column":44}},"16":{"start":{"line":28,"column":21},"end":{"line":28,"column":60}},"17":{"start":{"line":29,"column":8},"end":{"line":29,"column":23}},"18":{"start":{"line":32,"column":4},"end":{"line":36,"column":6}},"19":{"start":{"line":33,"column":19},"end":{"line":33,"column":32}},"20":{"start":{"line":34,"column":24},"end":{"line":34,"column":57}},"21":{"start":{"line":35,"column":8},"end":{"line":35,"column":26}},"22":{"start":{"line":39,"column":0},"end":{"line":39,"column":30}}},"fnMap":{"0":{"name":"(anonymous_0)","decl":{"start":{"line":5,"column":4},"end":{"line":5,"column":24}},"loc":{"start":{"line":5,"column":49},"end":{"line":5,"column":53}}},"1":{"name":"(anonymous_1)","decl":{"start":{"line":7,"column":15},"end":{"line":7,"column":20}},"loc":{"start":{"line":7,"column":53},"end":{"line":11,"column":5}}},"2":{"name":"(anonymous_2)","decl":{"start":{"line":13,"column":17},"end":{"line":13,"column":22}},"loc":{"start":{"line":13,"column":55},"end":{"line":17,"column":5}}},"3":{"name":"(anonymous_3)","decl":{"start":{"line":19,"column":18},"end":{"line":19,"column":23}},"loc":{"start":{"line":19,"column":56},"end":{"line":23,"column":5}}},"4":{"name":"(anonymous_4)","decl":{"start":{"line":25,"column":17},"end":{"line":25,"column":22}},"loc":{"start":{"line":25,"column":55},"end":{"line":30,"column":5}}},"5":{"name":"(anonymous_5)","decl":{"start":{"line":32,"column":17},"end":{"line":32,"column":22}},"loc":{"start":{"line":32,"column":55},"end":{"line":36,"column":5}}}},"branchMap":{},"s":{"0":5,"1":5,"2":1,"3":1,"4":1,"5":5,"6":1,"7":1,"8":1,"9":5,"10":1,"11":1,"12":1,"13":5,"14":1,"15":1,"16":1,"17":1,"18":5,"19":1,"20":1,"21":1,"22":1},"f":{"0":5,"1":1,"2":1,"3":1,"4":1,"5":1},"b":{}}
,"C:\\Users\\Danna\\OneDrive - Universidad Icesi (@icesi.edu.co)\\6. Septimo Semestre\\Compunet3\\Proyecto\\backend-nodejs\\src\\controllers\\UserController.ts": {"path":"C:\\Users\\Danna\\OneDrive - Universidad Icesi (@icesi.edu.co)\\6. Septimo Semestre\\Compunet3\\Proyecto\\backend-nodejs\\src\\controllers\\UserController.ts","statementMap":{"0":{"start":{"line":3,"column":0},"end":{"line":3,"column":66}},"1":{"start":{"line":4,"column":0},"end":{"line":4,"column":43}},"2":{"start":{"line":7,"column":24},"end":{"line":7,"column":49}},"3":{"start":{"line":9,"column":4},"end":{"line":16,"column":6}},"4":{"start":{"line":10,"column":8},"end":{"line":15,"column":9}},"5":{"start":{"line":11,"column":26},"end":{"line":11,"column":55}},"6":{"start":{"line":12,"column":12},"end":{"line":12,"column":52}},"7":{"start":{"line":14,"column":12},"end":{"line":14,"column":89}},"8":{"start":{"line":18,"column":4},"end":{"line":31,"column":6}},"9":{"start":{"line":19,"column":8},"end":{"line":30,"column":9}},"10":{"start":{"line":20,"column":27},"end":{"line":20,"column":48}},"11":{"start":{"line":21,"column":12},"end":{"line":23,"column":13}},"12":{"start":{"line":22,"column":16},"end":{"line":22,"column":77}},"13":{"start":{"line":25,"column":34},"end":{"line":25,"column":42}},"14":{"start":{"line":26,"column":25},"end":{"line":26,"column":63}},"15":{"start":{"line":27,"column":12},"end":{"line":27,"column":51}},"16":{"start":{"line":29,"column":12},"end":{"line":29,"column":85}},"17":{"start":{"line":33,"column":4},"end":{"line":49,"column":6}},"18":{"start":{"line":34,"column":8},"end":{"line":48,"column":9}},"19":{"start":{"line":35,"column":27},"end":{"line":35,"column":37}},"20":{"start":{"line":36,"column":12},"end":{"line":38,"column":13}},"21":{"start":{"line":37,"column":16},"end":{"line":37,"column":75}},"22":{"start":{"line":40,"column":25},"end":{"line":40,"column":60}},"23":{"start":{"line":41,"column":12},"end":{"line":43,"column":13}},"24":{"start":{"line":42,"column":16},"end":{"line":42,"column":85}},"25":{"start":{"line":45,"column":12},"end":{"line":45,"column":51}},"26":{"start":{"line":47,"column":12},"end":{"line":47,"column":87}},"27":{"start":{"line":51,"column":4},"end":{"line":73,"column":6}},"28":{"start":{"line":52,"column":8},"end":{"line":72,"column":9}},"29":{"start":{"line":53,"column":27},"end":{"line":53,"column":37}},"30":{"start":{"line":54,"column":12},"end":{"line":56,"column":13}},"31":{"start":{"line":55,"column":16},"end":{"line":55,"column":75}},"32":{"start":{"line":58,"column":27},"end":{"line":58,"column":48}},"33":{"start":{"line":59,"column":12},"end":{"line":61,"column":13}},"34":{"start":{"line":60,"column":16},"end":{"line":60,"column":77}},"35":{"start":{"line":63,"column":40},"end":{"line":63,"column":48}},"36":{"start":{"line":64,"column":25},"end":{"line":64,"column":64}},"37":{"start":{"line":65,"column":12},"end":{"line":67,"column":13}},"38":{"start":{"line":66,"column":16},"end":{"line":66,"column":85}},"39":{"start":{"line":69,"column":12},"end":{"line":69,"column":51}},"40":{"start":{"line":71,"column":12},"end":{"line":71,"column":90}},"41":{"start":{"line":75,"column":4},"end":{"line":91,"column":6}},"42":{"start":{"line":76,"column":8},"end":{"line":90,"column":9}},"43":{"start":{"line":77,"column":27},"end":{"line":77,"column":37}},"44":{"start":{"line":78,"column":12},"end":{"line":80,"column":13}},"45":{"start":{"line":79,"column":16},"end":{"line":79,"column":75}},"46":{"start":{"line":82,"column":28},"end":{"line":82,"column":61}},"47":{"start":{"line":83,"column":12},"end":{"line":85,"column":13}},"48":{"start":{"line":84,"column":16},"end":{"line":84,"column":85}},"49":{"start":{"line":87,"column":12},"end":{"line":87,"column":89}},"50":{"start":{"line":89,"column":12},"end":{"line":89,"column":88}},"51":{"start":{"line":94,"column":11},"end":{"line":94,"column":26}},"52":{"start":{"line":100,"column":11},"end":{"line":100,"column":24}},"53":{"start":{"line":102,"column":12},"end":{"line":104,"column":13}},"54":{"start":{"line":103,"column":16},"end":{"line":103,"column":47}},"55":{"start":{"line":105,"column":12},"end":{"line":105,"column":24}},"56":{"start":{"line":110,"column":0},"end":{"line":110,"column":30}}},"fnMap":{"0":{"name":"(anonymous_0)","decl":{"start":{"line":7,"column":4},"end":{"line":7,"column":24}},"loc":{"start":{"line":7,"column":49},"end":{"line":7,"column":53}}},"1":{"name":"(anonymous_1)","decl":{"start":{"line":9,"column":15},"end":{"line":9,"column":20}},"loc":{"start":{"line":9,"column":68},"end":{"line":16,"column":5}}},"2":{"name":"(anonymous_2)","decl":{"start":{"line":18,"column":17},"end":{"line":18,"column":22}},"loc":{"start":{"line":18,"column":70},"end":{"line":31,"column":5}}},"3":{"name":"(anonymous_3)","decl":{"start":{"line":33,"column":18},"end":{"line":33,"column":23}},"loc":{"start":{"line":33,"column":71},"end":{"line":49,"column":5}}},"4":{"name":"(anonymous_4)","decl":{"start":{"line":51,"column":17},"end":{"line":51,"column":22}},"loc":{"start":{"line":51,"column":70},"end":{"line":73,"column":5}}},"5":{"name":"(anonymous_5)","decl":{"start":{"line":75,"column":17},"end":{"line":75,"column":22}},"loc":{"start":{"line":75,"column":70},"end":{"line":91,"column":5}}},"6":{"name":"(anonymous_6)","decl":{"start":{"line":101,"column":27},"end":{"line":101,"column":28}},"loc":{"start":{"line":101,"column":37},"end":{"line":106,"column":9}}}},"branchMap":{"0":{"loc":{"start":{"line":21,"column":12},"end":{"line":23,"column":13}},"type":"if","locations":[{"start":{"line":21,"column":12},"end":{"line":23,"column":13}}]},"1":{"loc":{"start":{"line":36,"column":12},"end":{"line":38,"column":13}},"type":"if","locations":[{"start":{"line":36,"column":12},"end":{"line":38,"column":13}}]},"2":{"loc":{"start":{"line":41,"column":12},"end":{"line":43,"column":13}},"type":"if","locations":[{"start":{"line":41,"column":12},"end":{"line":43,"column":13}}]},"3":{"loc":{"start":{"line":54,"column":12},"end":{"line":56,"column":13}},"type":"if","locations":[{"start":{"line":54,"column":12},"end":{"line":56,"column":13}}]},"4":{"loc":{"start":{"line":59,"column":12},"end":{"line":61,"column":13}},"type":"if","locations":[{"start":{"line":59,"column":12},"end":{"line":61,"column":13}}]},"5":{"loc":{"start":{"line":65,"column":12},"end":{"line":67,"column":13}},"type":"if","locations":[{"start":{"line":65,"column":12},"end":{"line":67,"column":13}}]},"6":{"loc":{"start":{"line":78,"column":12},"end":{"line":80,"column":13}},"type":"if","locations":[{"start":{"line":78,"column":12},"end":{"line":80,"column":13}}]},"7":{"loc":{"start":{"line":83,"column":12},"end":{"line":85,"column":13}},"type":"if","locations":[{"start":{"line":83,"column":12},"end":{"line":85,"column":13}}]},"8":{"loc":{"start":{"line":102,"column":12},"end":{"line":104,"column":13}},"type":"if","locations":[{"start":{"line":102,"column":12},"end":{"line":104,"column":13}}]}},"s":{"0":1,"1":1,"2":6,"3":6,"4":1,"5":1,"6":1,"7":0,"8":6,"9":2,"10":2,"11":2,"12":1,"13":1,"14":1,"15":1,"16":0,"17":6,"18":1,"19":1,"20":1,"21":1,"22":0,"23":0,"24":0,"25":0,"26":0,"27":6,"28":1,"29":1,"30":1,"31":1,"32":0,"33":0,"34":0,"35":0,"36":0,"37":0,"38":0,"39":0,"40":0,"41":6,"42":1,"43":1,"44":1,"45":1,"46":0,"47":0,"48":0,"49":0,"50":0,"51":1,"52":1,"53":0,"54":0,"55":0,"56":1},"f":{"0":6,"1":1,"2":2,"3":1,"4":1,"5":1,"6":0},"b":{"0":[1],"1":[1],"2":[0],"3":[1],"4":[0],"5":[0],"6":[1],"7":[0],"8":[0]}}
,"C:\\Users\\Danna\\OneDrive - Universidad Icesi (@icesi.edu.co)\\6. Septimo Semestre\\Compunet3\\Proyecto\\backend-nodejs\\src\\models\\Contracts.ts": {"path":"C:\\Users\\Danna\\OneDrive - Universidad Icesi (@icesi.edu.co)\\6. Septimo Semestre\\Compunet3\\Proyecto\\backend-nodejs\\src\\models\\Contracts.ts","statementMap":{"0":{"start":{"line":1,"column":0},"end":{"line":1,"column":54}},"1":{"start":{"line":4,"column":31},"end":{"line":39,"column":null}},"2":{"start":{"line":42,"column":13},"end":{"line":42,"column":82}}},"fnMap":{},"branchMap":{},"s":{"0":1,"1":1,"2":1},"f":{},"b":{}}
,"C:\\Users\\Danna\\OneDrive - Universidad Icesi (@icesi.edu.co)\\6. Septimo Semestre\\Compunet3\\Proyecto\\backend-nodejs\\src\\models\\Equipment.ts": {"path":"C:\\Users\\Danna\\OneDrive - Universidad Icesi (@icesi.edu.co)\\6. Septimo Semestre\\Compunet3\\Proyecto\\backend-nodejs\\src\\models\\Equipment.ts","statementMap":{"0":{"start":{"line":1,"column":0},"end":{"line":1,"column":41}},"1":{"start":{"line":4,"column":24},"end":{"line":47,"column":null}},"2":{"start":{"line":50,"column":13},"end":{"line":50,"column":77}}},"fnMap":{},"branchMap":{},"s":{"0":1,"1":1,"2":1},"f":{},"b":{}}
,"C:\\Users\\Danna\\OneDrive - Universidad Icesi (@icesi.edu.co)\\6. Septimo Semestre\\Compunet3\\Proyecto\\backend-nodejs\\src\\models\\Users.ts": {"path":"C:\\Users\\Danna\\OneDrive - Universidad Icesi (@icesi.edu.co)\\6. Septimo Semestre\\Compunet3\\Proyecto\\backend-nodejs\\src\\models\\Users.ts","statementMap":{"0":{"start":{"line":1,"column":0},"end":{"line":1,"column":44}},"1":{"start":{"line":3,"column":0},"end":{"line":3,"column":28}},"2":{"start":{"line":5,"column":28},"end":{"line":41,"column":null}},"3":{"start":{"line":37,"column":16},"end":{"line":37,"column":36}},"4":{"start":{"line":38,"column":16},"end":{"line":38,"column":27}},"5":{"start":{"line":44,"column":0},"end":{"line":55,"column":3}},"6":{"start":{"line":45,"column":4},"end":{"line":53,"column":5}},"7":{"start":{"line":46,"column":8},"end":{"line":52,"column":9}},"8":{"start":{"line":47,"column":25},"end":{"line":47,"column":49}},"9":{"start":{"line":48,"column":35},"end":{"line":48,"column":73}},"10":{"start":{"line":49,"column":12},"end":{"line":49,"column":43}},"11":{"start":{"line":51,"column":12},"end":{"line":51,"column":69}},"12":{"start":{"line":54,"column":4},"end":{"line":54,"column":11}},"13":{"start":{"line":57,"column":0},"end":{"line":60,"column":2}},"14":{"start":{"line":58,"column":19},"end":{"line":58,"column":74}},"15":{"start":{"line":59,"column":4},"end":{"line":59,"column":18}},"16":{"start":{"line":62,"column":13},"end":{"line":62,"column":66}}},"fnMap":{"0":{"name":"(anonymous_10)","decl":{"start":{"line":36,"column":23},"end":{"line":36,"column":33}},"loc":{"start":{"line":36,"column":39},"end":{"line":39,"column":13}}},"1":{"name":"(anonymous_11)","decl":{"start":{"line":44,"column":29},"end":{"line":44,"column":34}},"loc":{"start":{"line":44,"column":49},"end":{"line":55,"column":1}}},"2":{"name":"(anonymous_12)","decl":{"start":{"line":57,"column":37},"end":{"line":57,"column":42}},"loc":{"start":{"line":57,"column":69},"end":{"line":60,"column":1}}}},"branchMap":{"0":{"loc":{"start":{"line":45,"column":4},"end":{"line":53,"column":5}},"type":"if","locations":[{"start":{"line":45,"column":4},"end":{"line":53,"column":5}}]},"1":{"loc":{"start":{"line":45,"column":8},"end":{"line":45,"column":49}},"type":"binary-expr","locations":[{"start":{"line":45,"column":8},"end":{"line":45,"column":35}},{"start":{"line":45,"column":39},"end":{"line":45,"column":49}}]}},"s":{"0":1,"1":1,"2":1,"3":1,"4":1,"5":1,"6":4,"7":3,"8":3,"9":2,"10":2,"11":1,"12":4,"13":1,"14":1,"15":1,"16":1},"f":{"0":1,"1":4,"2":1},"b":{"0":[3],"1":[4,1]}}
,"C:\\Users\\Danna\\OneDrive - Universidad Icesi (@icesi.edu.co)\\6. Septimo Semestre\\Compunet3\\Proyecto\\backend-nodejs\\src\\services\\contractService.ts": {"path":"C:\\Users\\Danna\\OneDrive - Universidad Icesi (@icesi.edu.co)\\6. Septimo Semestre\\Compunet3\\Proyecto\\backend-nodejs\\src\\services\\contractService.ts","statementMap":{"0":{"start":{"line":3,"column":0},"end":{"line":3,"column":52}},"1":{"start":{"line":4,"column":0},"end":{"line":4,"column":32}},"2":{"start":{"line":11,"column":8},"end":{"line":11,"column":53}},"3":{"start":{"line":15,"column":8},"end":{"line":15,"column":52}},"4":{"start":{"line":19,"column":8},"end":{"line":19,"column":51}},"5":{"start":{"line":23,"column":8},"end":{"line":23,"column":52}},"6":{"start":{"line":27,"column":8},"end":{"line":27,"column":56}},"7":{"start":{"line":31,"column":8},"end":{"line":31,"column":50}},"8":{"start":{"line":35,"column":8},"end":{"line":37,"column":9}},"9":{"start":{"line":36,"column":12},"end":{"line":36,"column":51}},"10":{"start":{"line":39,"column":8},"end":{"line":43,"column":33}},"11":{"start":{"line":7,"column":0},"end":{"line":7,"column":13}}},"fnMap":{"0":{"name":"(anonymous_1)","decl":{"start":{"line":10,"column":4},"end":{"line":10,"column":16}},"loc":{"start":{"line":10,"column":55},"end":{"line":12,"column":5}}},"1":{"name":"(anonymous_2)","decl":{"start":{"line":14,"column":4},"end":{"line":14,"column":9}},"loc":{"start":{"line":14,"column":31},"end":{"line":16,"column":5}}},"2":{"name":"(anonymous_3)","decl":{"start":{"line":18,"column":4},"end":{"line":18,"column":9}},"loc":{"start":{"line":18,"column":28},"end":{"line":20,"column":5}}},"3":{"name":"(anonymous_4)","decl":{"start":{"line":22,"column":4},"end":{"line":22,"column":9}},"loc":{"start":{"line":22,"column":29},"end":{"line":24,"column":5}}},"4":{"name":"(anonymous_5)","decl":{"start":{"line":26,"column":4},"end":{"line":26,"column":9}},"loc":{"start":{"line":26,"column":52},"end":{"line":28,"column":5}}},"5":{"name":"(anonymous_6)","decl":{"start":{"line":30,"column":4},"end":{"line":30,"column":9}},"loc":{"start":{"line":30,"column":27},"end":{"line":32,"column":5}}},"6":{"name":"(anonymous_7)","decl":{"start":{"line":34,"column":4},"end":{"line":34,"column":9}},"loc":{"start":{"line":34,"column":62},"end":{"line":44,"column":5}}}},"branchMap":{"0":{"loc":{"start":{"line":35,"column":8},"end":{"line":37,"column":9}},"type":"if","locations":[{"start":{"line":35,"column":8},"end":{"line":37,"column":9}}]}},"s":{"0":1,"1":1,"2":11,"3":2,"4":1,"5":2,"6":2,"7":1,"8":3,"9":1,"10":2,"11":1},"f":{"0":11,"1":2,"2":1,"3":2,"4":2,"5":1,"6":3},"b":{"0":[1]}}
,"C:\\Users\\Danna\\OneDrive - Universidad Icesi (@icesi.edu.co)\\6. Septimo Semestre\\Compunet3\\Proyecto\\backend-nodejs\\src\\services\\equipmentService.ts": {"path":"C:\\Users\\Danna\\OneDrive - Universidad Icesi (@icesi.edu.co)\\6. Septimo Semestre\\Compunet3\\Proyecto\\backend-nodejs\\src\\services\\equipmentService.ts","statementMap":{"0":{"start":{"line":8,"column":8},"end":{"line":8,"column":55}},"1":{"start":{"line":12,"column":8},"end":{"line":12,"column":53}},"2":{"start":{"line":16,"column":8},"end":{"line":16,"column":52}},"3":{"start":{"line":20,"column":8},"end":{"line":20,"column":53}},"4":{"start":{"line":24,"column":8},"end":{"line":24,"column":57}},"5":{"start":{"line":28,"column":8},"end":{"line":28,"column":51}},"6":{"start":{"line":4,"column":0},"end":{"line":4,"column":13}}},"fnMap":{"0":{"name":"(anonymous_0)","decl":{"start":{"line":7,"column":4},"end":{"line":7,"column":16}},"loc":{"start":{"line":7,"column":57},"end":{"line":9,"column":5}}},"1":{"name":"(anonymous_1)","decl":{"start":{"line":11,"column":4},"end":{"line":11,"column":9}},"loc":{"start":{"line":11,"column":32},"end":{"line":13,"column":5}}},"2":{"name":"(anonymous_2)","decl":{"start":{"line":15,"column":4},"end":{"line":15,"column":9}},"loc":{"start":{"line":15,"column":28},"end":{"line":17,"column":5}}},"3":{"name":"(anonymous_3)","decl":{"start":{"line":19,"column":4},"end":{"line":19,"column":9}},"loc":{"start":{"line":19,"column":29},"end":{"line":21,"column":5}}},"4":{"name":"(anonymous_4)","decl":{"start":{"line":23,"column":4},"end":{"line":23,"column":9}},"loc":{"start":{"line":23,"column":53},"end":{"line":25,"column":5}}},"5":{"name":"(anonymous_5)","decl":{"start":{"line":27,"column":4},"end":{"line":27,"column":9}},"loc":{"start":{"line":27,"column":27},"end":{"line":29,"column":5}}}},"branchMap":{},"s":{"0":9,"1":2,"2":1,"3":2,"4":2,"5":2,"6":1},"f":{"0":9,"1":2,"2":1,"3":2,"4":2,"5":2},"b":{}}
,"C:\\Users\\Danna\\OneDrive - Universidad Icesi (@icesi.edu.co)\\6. Septimo Semestre\\Compunet3\\Proyecto\\backend-nodejs\\src\\services\\roleService.ts": {"path":"C:\\Users\\Danna\\OneDrive - Universidad Icesi (@icesi.edu.co)\\6. Septimo Semestre\\Compunet3\\Proyecto\\backend-nodejs\\src\\services\\roleService.ts","statementMap":{"0":{"start":{"line":8,"column":8},"end":{"line":8,"column":45}},"1":{"start":{"line":12,"column":8},"end":{"line":12,"column":48}},"2":{"start":{"line":16,"column":8},"end":{"line":16,"column":47}},"3":{"start":{"line":20,"column":8},"end":{"line":20,"column":48}},"4":{"start":{"line":24,"column":8},"end":{"line":24,"column":52}},"5":{"start":{"line":28,"column":8},"end":{"line":28,"column":46}},"6":{"start":{"line":4,"column":0},"end":{"line":4,"column":13}}},"fnMap":{"0":{"name":"(anonymous_0)","decl":{"start":{"line":7,"column":4},"end":{"line":7,"column":16}},"loc":{"start":{"line":7,"column":47},"end":{"line":9,"column":5}}},"1":{"name":"(anonymous_1)","decl":{"start":{"line":11,"column":4},"end":{"line":11,"column":9}},"loc":{"start":{"line":11,"column":27},"end":{"line":13,"column":5}}},"2":{"name":"(anonymous_2)","decl":{"start":{"line":15,"column":4},"end":{"line":15,"column":9}},"loc":{"start":{"line":15,"column":28},"end":{"line":17,"column":5}}},"3":{"name":"(anonymous_3)","decl":{"start":{"line":19,"column":4},"end":{"line":19,"column":9}},"loc":{"start":{"line":19,"column":29},"end":{"line":21,"column":5}}},"4":{"name":"(anonymous_4)","decl":{"start":{"line":23,"column":4},"end":{"line":23,"column":9}},"loc":{"start":{"line":23,"column":48},"end":{"line":25,"column":5}}},"5":{"name":"(anonymous_5)","decl":{"start":{"line":27,"column":4},"end":{"line":27,"column":9}},"loc":{"start":{"line":27,"column":27},"end":{"line":29,"column":5}}}},"branchMap":{},"s":{"0":9,"1":2,"2":1,"3":2,"4":2,"5":2,"6":1},"f":{"0":9,"1":2,"2":1,"3":2,"4":2,"5":2},"b":{}}
,"C:\\Users\\Danna\\OneDrive - Universidad Icesi (@icesi.edu.co)\\6. Septimo Semestre\\Compunet3\\Proyecto\\backend-nodejs\\src\\services\\userService.ts": {"path":"C:\\Users\\Danna\\OneDrive - Universidad Icesi (@icesi.edu.co)\\6. Septimo Semestre\\Compunet3\\Proyecto\\backend-nodejs\\src\\services\\userService.ts","statementMap":{"0":{"start":{"line":8,"column":8},"end":{"line":8,"column":45}},"1":{"start":{"line":12,"column":8},"end":{"line":12,"column":48}},"2":{"start":{"line":16,"column":8},"end":{"line":16,"column":47}},"3":{"start":{"line":20,"column":8},"end":{"line":20,"column":48}},"4":{"start":{"line":24,"column":8},"end":{"line":24,"column":54}},"5":{"start":{"line":28,"column":8},"end":{"line":28,"column":52}},"6":{"start":{"line":32,"column":8},"end":{"line":32,"column":46}},"7":{"start":{"line":4,"column":0},"end":{"line":4,"column":13}}},"fnMap":{"0":{"name":"(anonymous_0)","decl":{"start":{"line":7,"column":4},"end":{"line":7,"column":16}},"loc":{"start":{"line":7,"column":47},"end":{"line":9,"column":5}}},"1":{"name":"(anonymous_1)","decl":{"start":{"line":11,"column":4},"end":{"line":11,"column":9}},"loc":{"start":{"line":11,"column":27},"end":{"line":13,"column":5}}},"2":{"name":"(anonymous_2)","decl":{"start":{"line":15,"column":4},"end":{"line":15,"column":9}},"loc":{"start":{"line":15,"column":28},"end":{"line":17,"column":5}}},"3":{"name":"(anonymous_3)","decl":{"start":{"line":19,"column":4},"end":{"line":19,"column":9}},"loc":{"start":{"line":19,"column":29},"end":{"line":21,"column":5}}},"4":{"name":"(anonymous_4)","decl":{"start":{"line":23,"column":4},"end":{"line":23,"column":9}},"loc":{"start":{"line":23,"column":35},"end":{"line":25,"column":5}}},"5":{"name":"(anonymous_5)","decl":{"start":{"line":27,"column":4},"end":{"line":27,"column":9}},"loc":{"start":{"line":27,"column":48},"end":{"line":29,"column":5}}},"6":{"name":"(anonymous_6)","decl":{"start":{"line":31,"column":4},"end":{"line":31,"column":9}},"loc":{"start":{"line":31,"column":27},"end":{"line":33,"column":5}}}},"branchMap":{},"s":{"0":14,"1":3,"2":1,"3":2,"4":2,"5":2,"6":2,"7":1},"f":{"0":14,"1":3,"2":1,"3":2,"4":2,"5":2,"6":2},"b":{}}
}
