TN:
SF:src\controllers\ContractController.ts
FN:7,(anonymous_0)
FN:9,(anonymous_1)
FN:14,(anonymous_2)
FN:20,(anonymous_3)
FN:26,(anonymous_4)
FN:33,(anonymous_5)
FN:39,(anonymous_6)
FNF:7
FNH:4
FNDA:3,(anonymous_0)
FNDA:1,(anonymous_1)
FNDA:1,(anonymous_2)
FNDA:0,(anonymous_3)
FNDA:0,(anonymous_4)
FNDA:0,(anonymous_5)
FNDA:1,(anonymous_6)
DA:7,3
DA:9,3
DA:10,1
DA:11,1
DA:14,3
DA:15,1
DA:16,1
DA:17,1
DA:20,3
DA:21,0
DA:22,0
DA:23,0
DA:26,3
DA:27,0
DA:28,0
DA:29,0
DA:30,0
DA:33,3
DA:34,0
DA:35,0
DA:36,0
DA:39,3
DA:40,1
DA:41,1
DA:42,1
DA:43,1
DA:44,1
DA:45,1
DA:46,1
DA:48,0
DA:50,0
DA:56,1
LF:32
LH:20
BRDA:44,0,0,1
BRF:1
BRH:1
end_of_record
TN:
SF:src\controllers\EquipmentController.ts
FN:5,(anonymous_0)
FN:7,(anonymous_1)
FN:12,(anonymous_2)
FN:18,(anonymous_3)
FN:24,(anonymous_4)
FN:31,(anonymous_5)
FNF:6
FNH:4
FNDA:3,(anonymous_0)
FNDA:1,(anonymous_1)
FNDA:1,(anonymous_2)
FNDA:1,(anonymous_3)
FNDA:0,(anonymous_4)
FNDA:0,(anonymous_5)
DA:5,3
DA:7,3
DA:8,1
DA:9,1
DA:12,3
DA:13,1
DA:14,1
DA:15,1
DA:18,3
DA:19,1
DA:20,1
DA:21,1
DA:24,3
DA:25,0
DA:26,0
DA:27,0
DA:28,0
DA:31,3
DA:32,0
DA:33,0
DA:34,0
DA:38,1
LF:22
LH:15
BRF:0
BRH:0
end_of_record
TN:
SF:src\controllers\RoleController.ts
FN:5,(anonymous_0)
FN:7,(anonymous_1)
FN:13,(anonymous_2)
FN:19,(anonymous_3)
FN:25,(anonymous_4)
FN:32,(anonymous_5)
FNF:6
FNH:6
FNDA:5,(anonymous_0)
FNDA:1,(anonymous_1)
FNDA:1,(anonymous_2)
FNDA:1,(anonymous_3)
FNDA:1,(anonymous_4)
FNDA:1,(anonymous_5)
DA:5,5
DA:7,5
DA:8,1
DA:9,1
DA:10,1
DA:13,5
DA:14,1
DA:15,1
DA:16,1
DA:19,5
DA:20,1
DA:21,1
DA:22,1
DA:25,5
DA:26,1
DA:27,1
DA:28,1
DA:29,1
DA:32,5
DA:33,1
DA:34,1
DA:35,1
DA:39,1
LF:23
LH:23
BRF:0
BRH:0
end_of_record
TN:
SF:src\controllers\UserController.ts
FN:7,(anonymous_0)
FN:9,(anonymous_1)
FN:18,(anonymous_2)
FN:33,(anonymous_3)
FN:51,(anonymous_4)
FN:75,(anonymous_5)
FN:101,(anonymous_6)
FNF:7
FNH:6
FNDA:6,(anonymous_0)
FNDA:1,(anonymous_1)
FNDA:2,(anonymous_2)
FNDA:1,(anonymous_3)
FNDA:1,(anonymous_4)
FNDA:1,(anonymous_5)
FNDA:0,(anonymous_6)
DA:3,1
DA:4,1
DA:7,6
DA:9,6
DA:10,1
DA:11,1
DA:12,1
DA:14,0
DA:18,6
DA:19,2
DA:20,2
DA:21,2
DA:22,1
DA:25,1
DA:26,1
DA:27,1
DA:29,0
DA:33,6
DA:34,1
DA:35,1
DA:36,1
DA:37,1
DA:40,0
DA:41,0
DA:42,0
DA:45,0
DA:47,0
DA:51,6
DA:52,1
DA:53,1
DA:54,1
DA:55,1
DA:58,0
DA:59,0
DA:60,0
DA:63,0
DA:64,0
DA:65,0
DA:66,0
DA:69,0
DA:71,0
DA:75,6
DA:76,1
DA:77,1
DA:78,1
DA:79,1
DA:82,0
DA:83,0
DA:84,0
DA:87,0
DA:89,0
DA:94,1
DA:100,1
DA:102,0
DA:103,0
DA:105,0
DA:110,1
LF:57
LH:33
BRDA:21,0,0,1
BRDA:36,1,0,1
BRDA:41,2,0,0
BRDA:54,3,0,1
BRDA:59,4,0,0
BRDA:65,5,0,0
BRDA:78,6,0,1
BRDA:83,7,0,0
BRDA:102,8,0,0
BRF:9
BRH:4
end_of_record
TN:
SF:src\models\Contracts.ts
FNF:0
FNH:0
DA:1,1
DA:4,1
DA:42,1
LF:3
LH:3
BRF:0
BRH:0
end_of_record
TN:
SF:src\models\Equipment.ts
FNF:0
FNH:0
DA:1,1
DA:4,1
DA:50,1
LF:3
LH:3
BRF:0
BRH:0
end_of_record
TN:
SF:src\models\Users.ts
FN:36,(anonymous_10)
FN:44,(anonymous_11)
FN:57,(anonymous_12)
FNF:3
FNH:3
FNDA:1,(anonymous_10)
FNDA:4,(anonymous_11)
FNDA:1,(anonymous_12)
DA:1,1
DA:3,1
DA:5,1
DA:37,1
DA:38,1
DA:44,1
DA:45,4
DA:46,3
DA:47,3
DA:48,2
DA:49,2
DA:51,1
DA:54,4
DA:57,1
DA:58,1
DA:59,1
DA:62,1
LF:17
LH:17
BRDA:45,0,0,3
BRDA:45,1,0,4
BRDA:45,1,1,1
BRF:3
BRH:3
end_of_record
TN:
SF:src\services\contractService.ts
FN:10,(anonymous_1)
FN:14,(anonymous_2)
FN:18,(anonymous_3)
FN:22,(anonymous_4)
FN:26,(anonymous_5)
FN:30,(anonymous_6)
FN:34,(anonymous_7)
FNF:7
FNH:7
FNDA:11,(anonymous_1)
FNDA:2,(anonymous_2)
FNDA:1,(anonymous_3)
FNDA:2,(anonymous_4)
FNDA:2,(anonymous_5)
FNDA:1,(anonymous_6)
FNDA:3,(anonymous_7)
DA:3,1
DA:4,1
DA:7,1
DA:11,11
DA:15,2
DA:19,1
DA:23,2
DA:27,2
DA:31,1
DA:35,3
DA:36,1
DA:39,2
LF:12
LH:12
BRDA:35,0,0,1
BRF:1
BRH:1
end_of_record
TN:
SF:src\services\equipmentService.ts
FN:7,(anonymous_0)
FN:11,(anonymous_1)
FN:15,(anonymous_2)
FN:19,(anonymous_3)
FN:23,(anonymous_4)
FN:27,(anonymous_5)
FNF:6
FNH:6
FNDA:9,(anonymous_0)
FNDA:2,(anonymous_1)
FNDA:1,(anonymous_2)
FNDA:2,(anonymous_3)
FNDA:2,(anonymous_4)
FNDA:2,(anonymous_5)
DA:4,1
DA:8,9
DA:12,2
DA:16,1
DA:20,2
DA:24,2
DA:28,2
LF:7
LH:7
BRF:0
BRH:0
end_of_record
TN:
SF:src\services\roleService.ts
FN:7,(anonymous_0)
FN:11,(anonymous_1)
FN:15,(anonymous_2)
FN:19,(anonymous_3)
FN:23,(anonymous_4)
FN:27,(anonymous_5)
FNF:6
FNH:6
FNDA:9,(anonymous_0)
FNDA:2,(anonymous_1)
FNDA:1,(anonymous_2)
FNDA:2,(anonymous_3)
FNDA:2,(anonymous_4)
FNDA:2,(anonymous_5)
DA:4,1
DA:8,9
DA:12,2
DA:16,1
DA:20,2
DA:24,2
DA:28,2
LF:7
LH:7
BRF:0
BRH:0
end_of_record
TN:
SF:src\services\userService.ts
FN:7,(anonymous_0)
FN:11,(anonymous_1)
FN:15,(anonymous_2)
FN:19,(anonymous_3)
FN:23,(anonymous_4)
FN:27,(anonymous_5)
FN:31,(anonymous_6)
FNF:7
FNH:7
FNDA:14,(anonymous_0)
FNDA:3,(anonymous_1)
FNDA:1,(anonymous_2)
FNDA:2,(anonymous_3)
FNDA:2,(anonymous_4)
FNDA:2,(anonymous_5)
FNDA:2,(anonymous_6)
DA:4,1
DA:8,14
DA:12,3
DA:16,1
DA:20,2
DA:24,2
DA:28,2
DA:32,2
LF:8
LH:8
BRF:0
BRH:0
end_of_record
